Digital Prototyping Module/Library/Bee/Android/Prj/IL2CPP/Gradle/unityLibrary/build/intermediates/manifest_merge_blame_file/release/manifest-merger-blame-release-report.txt
1<?xml version="1.0" encoding="utf-8"?>
2<manifest xmlns:android="http://schemas.android.com/apk/res/android"
3    xmlns:tools="http://schemas.android.com/tools"
4    package="com.unity3d.player"
5    android:versionCode="1"
6    android:versionName="0.1" >
7
8    <uses-sdk
9        android:minSdkVersion="26"
9-->src/main/AndroidManifest.xml
10        android:targetSdkVersion="29" />
10-->src/main/AndroidManifest.xml
11
12    <uses-feature android:glEsVersion="0x00020000" />
12-->src/main/AndroidManifest.xml:22:3-52
12-->src/main/AndroidManifest.xml:22:17-49
13
14    <uses-permission android:name="android.permission.INTERNET" />
14-->src/main/AndroidManifest.xml:23:3-65
14-->src/main/AndroidManifest.xml:23:20-62
15    <uses-permission android:name="android.permission.WRITE_EXTERNAL_STORAGE" />
15-->src/main/AndroidManifest.xml:24:3-79
15-->src/main/AndroidManifest.xml:24:20-76
16
17    <uses-feature
17-->src/main/AndroidManifest.xml:25:3-88
18        android:name="android.hardware.touchscreen"
18-->src/main/AndroidManifest.xml:25:17-60
19        android:required="false" />
19-->src/main/AndroidManifest.xml:25:61-85
20    <uses-feature
20-->src/main/AndroidManifest.xml:26:3-99
21        android:name="android.hardware.touchscreen.multitouch"
21-->src/main/AndroidManifest.xml:26:17-71
22        android:required="false" />
22-->src/main/AndroidManifest.xml:26:72-96
23    <uses-feature
23-->src/main/AndroidManifest.xml:27:3-108
24        android:name="android.hardware.touchscreen.multitouch.distinct"
24-->src/main/AndroidManifest.xml:27:17-80
25        android:required="false" />
25-->src/main/AndroidManifest.xml:27:81-105
26
27    <uses-permission android:name="android.permission.WRITE_SETTINGS" />
27-->src/main/AndroidManifest.xml:28:3-71
27-->src/main/AndroidManifest.xml:28:20-68
28
29    <application
29-->src/main/AndroidManifest.xml:3:3-21:17
30        android:extractNativeLibs="true"
30-->src/main/AndroidManifest.xml:3:16-48
31        android:requestLegacyExternalStorage="true" >
31-->src/main/AndroidManifest.xml:3:49-92
32        <activity
32-->src/main/AndroidManifest.xml:4:5-11:16
33            android:name="com.unity3d.player.UnityPlayerActivity"
33-->src/main/AndroidManifest.xml:4:15-68
34            android:configChanges="mcc|mnc|locale|touchscreen|keyboard|keyboardHidden|navigation|orientation|screenLayout|uiMode|screenSize|smallestScreenSize|fontScale|layoutDirection|density"
34-->src/main/AndroidManifest.xml:4:181-362
35            android:hardwareAccelerated="false"
35-->src/main/AndroidManifest.xml:4:398-433
36            android:launchMode="singleTask"
36-->src/main/AndroidManifest.xml:4:149-180
37            android:resizeableActivity="false"
37-->src/main/AndroidManifest.xml:4:363-397
38            android:screenOrientation="landscape"
38-->src/main/AndroidManifest.xml:4:111-148
39            android:theme="@style/UnityThemeSelector" >
39-->src/main/AndroidManifest.xml:4:69-110
40            <intent-filter>
40-->src/main/AndroidManifest.xml:5:7-8:23
41                <action android:name="android.intent.action.MAIN" />
41-->src/main/AndroidManifest.xml:6:9-61
41-->src/main/AndroidManifest.xml:6:17-58
42
43                <category android:name="android.intent.category.LAUNCHER" />
43-->src/main/AndroidManifest.xml:7:9-69
43-->src/main/AndroidManifest.xml:7:19-66
44            </intent-filter>
45
46            <meta-data
46-->src/main/AndroidManifest.xml:9:7-82
47                android:name="unityplayer.UnityActivity"
47-->src/main/AndroidManifest.xml:9:18-58
48                android:value="true" />
48-->src/main/AndroidManifest.xml:9:59-79
49            <meta-data
49-->src/main/AndroidManifest.xml:10:7-78
50                android:name="android.notch_support"
50-->src/main/AndroidManifest.xml:10:18-54
51                android:value="true" />
51-->src/main/AndroidManifest.xml:10:55-75
52        </activity>
53
54        <meta-data
54-->src/main/AndroidManifest.xml:12:5-69
55            android:name="unity.splash-mode"
55-->src/main/AndroidManifest.xml:12:16-48
56            android:value="0" />
56-->src/main/AndroidManifest.xml:12:49-66
57        <meta-data
57-->src/main/AndroidManifest.xml:13:5-74
58            android:name="unity.splash-enable"
58-->src/main/AndroidManifest.xml:13:16-50
59            android:value="True" />
59-->src/main/AndroidManifest.xml:13:51-71
60        <meta-data
60-->src/main/AndroidManifest.xml:14:5-78
61            android:name="unity.launch-fullscreen"
61-->src/main/AndroidManifest.xml:14:16-54
62            android:value="True" />
62-->src/main/AndroidManifest.xml:14:55-75
63        <meta-data
63-->src/main/AndroidManifest.xml:15:5-84
64            android:name="unity.allow-resizable-window"
64-->src/main/AndroidManifest.xml:15:16-59
65            android:value="False" />
65-->src/main/AndroidManifest.xml:15:60-81
66        <meta-data
66-->src/main/AndroidManifest.xml:16:5-81
67            android:name="notch.config"
67-->src/main/AndroidManifest.xml:16:16-43
68            android:value="portrait|landscape" />
68-->src/main/AndroidManifest.xml:16:44-78
69        <meta-data
69-->src/main/AndroidManifest.xml:17:5-65
70            android:name="pvr.app.type"
70-->src/main/AndroidManifest.xml:17:16-43
71            android:value="vr" />
71-->src/main/AndroidManifest.xml:17:44-62
72        <meta-data
72-->src/main/AndroidManifest.xml:18:5-85
73            android:name="pvr.sdk.version"
73-->src/main/AndroidManifest.xml:18:16-46
74            android:value="XR Platform_2.0.5.4" />
74-->src/main/AndroidManifest.xml:18:47-82
75        <meta-data
75-->src/main/AndroidManifest.xml:19:5-62
76            android:name="enable_cpt"
76-->src/main/AndroidManifest.xml:19:16-41
77            android:value="0" />
77-->src/main/AndroidManifest.xml:19:42-59
78        <meta-data
78-->src/main/AndroidManifest.xml:20:5-75
79            android:name="enable_entitlementcheck"
79-->src/main/AndroidManifest.xml:20:16-54
80            android:value="0" />
80-->src/main/AndroidManifest.xml:20:55-72
81    </application>
82
83</manifest>